This is pdfTeX, Version 3.14159265-2.6-1.40.17 (MiKTeX 2.9 64-bit) (preloaded format=pdflatex 2016.11.12)  1 FEB 2017 03:58
entering extended mode
**./Anomaly_Detection_report.tex
(Anomaly_Detection_report.tex
LaTeX2e <2016/03/31> patch level 3
Babel <3.9r> and hyphenation patterns for 75 language(s) loaded.
("C:\Program Files\MiKTeX 2.9\tex\latex\base\article.cls"
Document Class: article 2014/09/29 v1.4h Standard LaTeX document class
("C:\Program Files\MiKTeX 2.9\tex\latex\base\size12.clo"
File: size12.clo 2014/09/29 v1.4h Standard LaTeX file (size option)
)
\c@part=\count79
\c@section=\count80
\c@subsection=\count81
\c@subsubsection=\count82
\c@paragraph=\count83
\c@subparagraph=\count84
\c@figure=\count85
\c@table=\count86
\abovecaptionskip=\skip41
\belowcaptionskip=\skip42
\bibindent=\dimen102
)
("C:\Program Files\MiKTeX 2.9\tex\latex\graphics\graphicx.sty"
Package: graphicx 2014/10/28 v1.0g Enhanced LaTeX Graphics (DPC,SPQR)

("C:\Program Files\MiKTeX 2.9\tex\latex\graphics\keyval.sty"
Package: keyval 2014/10/28 v1.15 key=value parser (DPC)
\KV@toks@=\toks14
)
("C:\Program Files\MiKTeX 2.9\tex\latex\graphics\graphics.sty"
Package: graphics 2016/07/10 v1.0t Standard LaTeX Graphics (DPC,SPQR)

("C:\Program Files\MiKTeX 2.9\tex\latex\graphics\trig.sty"
Package: trig 2016/01/03 v1.10 sin cos tan (DPC)
)
("C:\Program Files\MiKTeX 2.9\tex\latex\00miktex\graphics.cfg"
File: graphics.cfg 2016/06/04 v1.11 sample graphics configuration
)
Package graphics Info: Driver file: pdftex.def on input line 99.

("C:\Program Files\MiKTeX 2.9\tex\latex\graphics-def\pdftex.def"
File: pdftex.def 2016/07/10 v0.06j Graphics/color for pdfTeX

("C:\Program Files\MiKTeX 2.9\tex\generic\oberdiek\infwarerr.sty"
Package: infwarerr 2016/05/16 v1.4 Providing info/warning/error messages (HO)
)
("C:\Program Files\MiKTeX 2.9\tex\generic\oberdiek\ltxcmds.sty"
Package: ltxcmds 2016/05/16 v1.23 LaTeX kernel commands for general use (HO)
)
\Gread@gobject=\count87
))
\Gin@req@height=\dimen103
\Gin@req@width=\dimen104
)
("C:\Program Files\MiKTeX 2.9\tex\latex\amsmath\amsmath.sty"
Package: amsmath 2016/06/28 v2.15d AMS math features
\@mathmargin=\skip43

For additional information on amsmath, use the `?' option.
("C:\Program Files\MiKTeX 2.9\tex\latex\amsmath\amstext.sty"
Package: amstext 2000/06/29 v2.01 AMS text

("C:\Program Files\MiKTeX 2.9\tex\latex\amsmath\amsgen.sty"
File: amsgen.sty 1999/11/30 v2.0 generic functions
\@emptytoks=\toks15
\ex@=\dimen105
))
("C:\Program Files\MiKTeX 2.9\tex\latex\amsmath\amsbsy.sty"
Package: amsbsy 1999/11/29 v1.2d Bold Symbols
\pmbraise@=\dimen106
)
("C:\Program Files\MiKTeX 2.9\tex\latex\amsmath\amsopn.sty"
Package: amsopn 2016/03/08 v2.02 operator names
)
\inf@bad=\count88
LaTeX Info: Redefining \frac on input line 199.
\uproot@=\count89
\leftroot@=\count90
LaTeX Info: Redefining \overline on input line 297.
\classnum@=\count91
\DOTSCASE@=\count92
LaTeX Info: Redefining \ldots on input line 394.
LaTeX Info: Redefining \dots on input line 397.
LaTeX Info: Redefining \cdots on input line 518.
\Mathstrutbox@=\box26
\strutbox@=\box27
\big@size=\dimen107
LaTeX Font Info:    Redeclaring font encoding OML on input line 634.
LaTeX Font Info:    Redeclaring font encoding OMS on input line 635.
\macc@depth=\count93
\c@MaxMatrixCols=\count94
\dotsspace@=\muskip10
\c@parentequation=\count95
\dspbrk@lvl=\count96
\tag@help=\toks16
\row@=\count97
\column@=\count98
\maxfields@=\count99
\andhelp@=\toks17
\eqnshift@=\dimen108
\alignsep@=\dimen109
\tagshift@=\dimen110
\tagwidth@=\dimen111
\totwidth@=\dimen112
\lineht@=\dimen113
\@envbody=\toks18
\multlinegap=\skip44
\multlinetaggap=\skip45
\mathdisplay@stack=\toks19
LaTeX Info: Redefining \[ on input line 2739.
LaTeX Info: Redefining \] on input line 2740.
)
("C:\Program Files\MiKTeX 2.9\tex\latex\amsfonts\amssymb.sty"
Package: amssymb 2013/01/14 v3.01 AMS font symbols

("C:\Program Files\MiKTeX 2.9\tex\latex\amsfonts\amsfonts.sty"
Package: amsfonts 2013/01/14 v3.01 Basic AMSFonts support
\symAMSa=\mathgroup4
\symAMSb=\mathgroup5
LaTeX Font Info:    Overwriting math alphabet `\mathfrak' in version `bold'
(Font)                  U/euf/m/n --> U/euf/b/n on input line 106.
))
("C:\Program Files\MiKTeX 2.9\tex\latex\tools\afterpage.sty"
Package: afterpage 2014/10/28 v1.08 After-Page Package (DPC)
\AP@output=\toks20
\AP@partial=\box28
\AP@footins=\box29
)
("C:\Program Files\MiKTeX 2.9\tex\latex\float\float.sty"
Package: float 2001/11/08 v1.3d Float enhancements (AL)
\c@float@type=\count100
\float@exts=\toks21
\float@box=\box30
\@float@everytoks=\toks22
\@floatcapt=\box31
)
("C:\Program Files\MiKTeX 2.9\tex\latex\tools\longtable.sty"
Package: longtable 2014/10/28 v4.11 Multi-page Table package (DPC)
\LTleft=\skip46
\LTright=\skip47
\LTpre=\skip48
\LTpost=\skip49
\LTchunksize=\count101
\LTcapwidth=\dimen114
\LT@head=\box32
\LT@firsthead=\box33
\LT@foot=\box34
\LT@lastfoot=\box35
\LT@cols=\count102
\LT@rows=\count103
\c@LT@tables=\count104
\c@LT@chunks=\count105
\LT@p@ftn=\toks23
)
("C:\Program Files\MiKTeX 2.9\tex\latex\carlisle\ltxtable.sty"
Package: ltxtable 1995/12/11 v0.2 longtable/tabularx merge (DPC)

("C:\Program Files\MiKTeX 2.9\tex\latex\tools\tabularx.sty"
Package: tabularx 2016/02/03 v2.11 `tabularx' package (DPC)

("C:\Program Files\MiKTeX 2.9\tex\latex\tools\array.sty"
Package: array 2014/10/28 v2.4c Tabular extension package (FMi)
\col@sep=\dimen115
\extrarowheight=\dimen116
\NC@list=\toks24
\extratabsurround=\skip50
\backup@length=\skip51
)
\TX@col@width=\dimen117
\TX@old@table=\dimen118
\TX@old@col=\dimen119
\TX@target=\dimen120
\TX@delta=\dimen121
\TX@cols=\count106
\TX@ftn=\toks25
))
(Anomaly_Detection_report.aux

LaTeX Warning: Label `100blockdiag' multiply defined.


LaTeX Warning: Label `0blockdiag' multiply defined.


LaTeX Warning: Label `101blockdiag' multiply defined.


LaTeX Warning: Label `102blockdiag' multiply defined.


LaTeX Warning: Label `103blockdiag' multiply defined.


LaTeX Warning: Label `104blockdiag' multiply defined.


LaTeX Warning: Label `5blockdiag' multiply defined.


LaTeX Warning: Label `4blockdiag' multiply defined.


LaTeX Warning: Label `blockdiag' multiply defined.


LaTeX Warning: Label `7blockdiag' multiply defined.


LaTeX Warning: Label `7QRX4' multiply defined.


LaTeX Warning: Label `7QRX5' multiply defined.


LaTeX Warning: Label `8QRX5' multiply defined.


LaTeX Warning: Label `9QRX5' multiply defined.

)
\openout1 = `Anomaly_Detection_report.aux'.

LaTeX Font Info:    Checking defaults for OML/cmm/m/it on input line 18.
LaTeX Font Info:    ... okay on input line 18.
LaTeX Font Info:    Checking defaults for T1/cmr/m/n on input line 18.
LaTeX Font Info:    ... okay on input line 18.
LaTeX Font Info:    Checking defaults for OT1/cmr/m/n on input line 18.
LaTeX Font Info:    ... okay on input line 18.
LaTeX Font Info:    Checking defaults for OMS/cmsy/m/n on input line 18.
LaTeX Font Info:    ... okay on input line 18.
LaTeX Font Info:    Checking defaults for OMX/cmex/m/n on input line 18.
LaTeX Font Info:    ... okay on input line 18.
LaTeX Font Info:    Checking defaults for U/cmr/m/n on input line 18.
LaTeX Font Info:    ... okay on input line 18.
 ("C:\Program Files\MiKTeX 2.9\tex\context\base\supp-pdf.mkii"
[Loading MPS to PDF converter (version 2006.09.02).]
\scratchcounter=\count107
\scratchdimen=\dimen122
\scratchbox=\box36
\nofMPsegments=\count108
\nofMParguments=\count109
\everyMPshowfont=\toks26
\MPscratchCnt=\count110
\MPscratchDim=\dimen123
\MPnumerator=\count111
\makeMPintoPDFobject=\count112
\everyMPtoPDFconversion=\toks27
) ("C:\Program Files\MiKTeX 2.9\tex\generic\oberdiek\pdftexcmds.sty"
Package: pdftexcmds 2016/05/21 v0.22 Utility functions of pdfTeX for LuaTeX (HO
)

("C:\Program Files\MiKTeX 2.9\tex\generic\oberdiek\ifluatex.sty"
Package: ifluatex 2016/05/16 v1.4 Provides the ifluatex switch (HO)
Package ifluatex Info: LuaTeX not detected.
)
("C:\Program Files\MiKTeX 2.9\tex\generic\oberdiek\ifpdf.sty"
Package: ifpdf 2016/05/14 v3.1 Provides the ifpdf switch
)
Package pdftexcmds Info: LuaTeX not detected.
Package pdftexcmds Info: \pdf@primitive is available.
Package pdftexcmds Info: \pdf@ifprimitive is available.
Package pdftexcmds Info: \pdfdraftmode found.
)
("C:\Program Files\MiKTeX 2.9\tex\latex\oberdiek\epstopdf-base.sty"
Package: epstopdf-base 2016/05/15 v2.6 Base part for package epstopdf

("C:\Program Files\MiKTeX 2.9\tex\latex\oberdiek\grfext.sty"
Package: grfext 2016/05/16 v1.2 Manage graphics extensions (HO)

("C:\Program Files\MiKTeX 2.9\tex\generic\oberdiek\kvdefinekeys.sty"
Package: kvdefinekeys 2016/05/16 v1.4 Define keys (HO)
))
("C:\Program Files\MiKTeX 2.9\tex\latex\oberdiek\kvoptions.sty"
Package: kvoptions 2016/05/16 v3.12 Key value format for package options (HO)

("C:\Program Files\MiKTeX 2.9\tex\generic\oberdiek\kvsetkeys.sty"
Package: kvsetkeys 2016/05/16 v1.17 Key value parser (HO)

("C:\Program Files\MiKTeX 2.9\tex\generic\oberdiek\etexcmds.sty"
Package: etexcmds 2016/05/16 v1.6 Avoid name clashes with e-TeX commands (HO)
Package etexcmds Info: Could not find \expanded.
(etexcmds)             That can mean that you are not using pdfTeX 1.50 or
(etexcmds)             that some package has redefined \expanded.
(etexcmds)             In the latter case, load this package earlier.
)))
Package epstopdf-base Info: Redefining graphics rule for `.eps' on input line 4
38.
Package grfext Info: Graphics extension search list:
(grfext)             [.png,.pdf,.jpg,.mps,.jpeg,.jbig2,.jb2,.PNG,.PDF,.JPG,.JPE
G,.JBIG2,.JB2,.eps]
(grfext)             \AppendGraphicsExtensions on input line 456.
)
LaTeX Font Info:    Try loading font information for U+msa on input line 19.

("C:\Program Files\MiKTeX 2.9\tex\latex\amsfonts\umsa.fd"
File: umsa.fd 2013/01/14 v3.01 AMS symbols A
)
LaTeX Font Info:    Try loading font information for U+msb on input line 19.

("C:\Program Files\MiKTeX 2.9\tex\latex\amsfonts\umsb.fd"
File: umsb.fd 2013/01/14 v3.01 AMS symbols B
)
Overfull \hbox (17.27953pt too wide) in paragraph at lines 19--19
 [][] 
 []

[1

{C:/ProgramData/MiKTeX/2.9/pdftex/config/pdftex.map}]
<All_year.jpg, id=8, 1279.78125pt x 421.575pt>
File: All_year.jpg Graphic file (type jpg)
 <use All_year.jpg>
Package pdftex.def Info: All_year.jpg used on input line 36.
(pdftex.def)             Requested size: 422.32912pt x 139.12018pt.

Overfull \hbox (32.32912pt too wide) in paragraph at lines 36--38
 [][][] 
 []

<Energy_alldays_allstores_jan.jpg, id=9, 1279.78125pt x 421.575pt>
File: Energy_alldays_allstores_jan.jpg Graphic file (type jpg)

<use Energy_alldays_allstores_jan.jpg>
Package pdftex.def Info: Energy_alldays_allstores_jan.jpg used on input line 48
.
(pdftex.def)             Requested size: 422.32912pt x 139.12018pt.

Overfull \hbox (32.32912pt too wide) in paragraph at lines 48--50
 [][][] 
 []

[2 <./All_year.jpg> <./Energy_alldays_allstores_jan.jpg>]
<new_105_jan_whole_year.jpg, id=13, 1047.915pt x 421.575pt>
File: new_105_jan_whole_year.jpg Graphic file (type jpg)

<use new_105_jan_whole_year.jpg>
Package pdftex.def Info: new_105_jan_whole_year.jpg used on input line 61.
(pdftex.def)             Requested size: 387.72247pt x 155.9803pt.

<new_105_jan_alldays.jpg, id=14, 1121.18875pt x 421.575pt>
File: new_105_jan_alldays.jpg Graphic file (type jpg)

<use new_105_jan_alldays.jpg>
Package pdftex.def Info: new_105_jan_alldays.jpg used on input line 75.
(pdftex.def)             Requested size: 414.83334pt x 155.9803pt.

Overfull \hbox (24.83334pt too wide) in paragraph at lines 75--77
 [][][] 
 []

[3 <./new_105_jan_whole_year.jpg>]
<new_105_jan_workdays.jpg, id=18, 811.03pt x 421.575pt>
File: new_105_jan_workdays.jpg Graphic file (type jpg)

<use new_105_jan_workdays.jpg>
Package pdftex.def Info: new_105_jan_workdays.jpg used on input line 88.
(pdftex.def)             Requested size: 348.7361pt x 181.27371pt.
 [4 <./new_105_jan_alldays.jpg>]
<new_105_jan_off_days1.jpg, id=22, 1047.915pt x 421.575pt>
File: new_105_jan_off_days1.jpg Graphic file (type jpg)

<use new_105_jan_off_days1.jpg>
Package pdftex.def Info: new_105_jan_off_days1.jpg used on input line 99.
(pdftex.def)             Requested size: 366.77574pt x 147.55345pt.
 [5 <./new_105_jan_workdays.jpg> <./new_105_jan_off_days1.jpg>]
Missing character: There is no e in font msbm10!
 [6] <block_anomaly.jpg, id=33, 626.34pt x 89.58469pt>
File: block_anomaly.jpg Graphic file (type jpg)

<use block_anomaly.jpg>
Package pdftex.def Info: block_anomaly.jpg used on input line 131.
(pdftex.def)             Requested size: 375.80688pt x 53.75122pt.
 <quartiles.jpg, id=34, 552.56438pt x 207.02344pt>
File: quartiles.jpg Graphic file (type jpg)

<use quartiles.jpg>
Package pdftex.def Info: quartiles.jpg used on input line 163.
(pdftex.def)             Requested size: 331.54118pt x 124.21501pt.
 [7 <./block_anomaly.jpg>]
Missing character: There is no e in font msbm10!
Missing character: There is no e in font msbm10!
LaTeX Font Info:    Try loading font information for OMS+cmr on input line 193.


("C:\Program Files\MiKTeX 2.9\tex\latex\base\omscmr.fd"
File: omscmr.fd 2014/09/29 v2.5h Standard LaTeX font definitions
)
LaTeX Font Info:    Font shape `OMS/cmr/m/n' in size <12> not available
(Font)              Font shape `OMS/cmsy/m/n' tried instead on input line 193.
 [8 <./quartiles.jpg>]
<Gaussian_bell.png, id=42, 2007.5pt x 1422.31375pt>
File: Gaussian_bell.png Graphic file (type png)
 <use Gaussian_bell.png>
Package pdftex.def Info: Gaussian_bell.png used on input line 197.
(pdftex.def)             Requested size: 301.11201pt x 213.33786pt.

[9 <./Gaussian_bell.png>] <105_ol_new_last.jpg, id=47, 1047.915pt x 421.575pt>
File: 105_ol_new_last.jpg Graphic file (type jpg)

<use 105_ol_new_last.jpg>
Package pdftex.def Info: 105_ol_new_last.jpg used on input line 227.
(pdftex.def)             Requested size: 419.15857pt x 168.627pt.

Overfull \hbox (29.15857pt too wide) in paragraph at lines 227--229
 [][][] 
 []

<alpha_15.jpg, id=48, 1043.9pt x 421.575pt>
File: alpha_15.jpg Graphic file (type jpg)
 <use alpha_15.jpg>
Package pdftex.def Info: alpha_15.jpg used on input line 236.
(pdftex.def)             Requested size: 417.5526pt x 168.627pt.

Overfull \hbox (27.5526pt too wide) in paragraph at lines 236--238
 [][][] 
 []

[10 <./105_ol_new_last.jpg>] [11 <./alpha_15.jpg>]
<105_nol_new_last.jpg, id=55, 1034.86626pt x 426.59375pt>
File: 105_nol_new_last.jpg Graphic file (type jpg)

<use 105_nol_new_last.jpg>
Package pdftex.def Info: 105_nol_new_last.jpg used on input line 295.
(pdftex.def)             Requested size: 413.93916pt x 170.63446pt.

Overfull \hbox (23.93916pt too wide) in paragraph at lines 295--297
 [][][] 
 []

[12] [13 <./105_nol_new_last.jpg>] [14]
<alpha_15_unfiltered_off.jpg, id=66, 1138.2525pt x 421.575pt>
File: alpha_15_unfiltered_off.jpg Graphic file (type jpg)

<use alpha_15_unfiltered_off.jpg>
Package pdftex.def Info: alpha_15_unfiltered_off.jpg used on input line 357.
(pdftex.def)             Requested size: 364.24825pt x 134.90675pt.

<alpha_15_nol_off.jpg, id=67, 1138.2525pt x 421.575pt>
File: alpha_15_nol_off.jpg Graphic file (type jpg)

<use alpha_15_nol_off.jpg>
Package pdftex.def Info: alpha_15_nol_off.jpg used on input line 366.
(pdftex.def)             Requested size: 364.24825pt x 134.90675pt.
 [15 <./alpha_15_unfiltered_off.jpg> <./alpha_15_nol_off.jpg>] [16] [17] [18] [
19] (Anomaly_Detection_report.aux)

LaTeX Warning: There were multiply-defined labels.

 ) 
Here is how much of TeX's memory you used:
 2773 strings out of 493334
 36970 string characters out of 3139245
 103227 words of memory out of 3000000
 6241 multiletter control sequences out of 15000+200000
 13024 words of font info for 50 fonts, out of 3000000 for 9000
 1141 hyphenation exceptions out of 8191
 40i,9n,26p,1236b,221s stack positions out of 5000i,500n,10000p,200000b,50000s
<C:/Program Files/MiKTeX 2.9/fonts/type1/public/amsfonts/cm/cmbx12.pfb><C:/Pr
ogram Files/MiKTeX 2.9/fonts/type1/public/amsfonts/cm/cmmi12.pfb><C:/Program Fi
les/MiKTeX 2.9/fonts/type1/public/amsfonts/cm/cmr12.pfb><C:/Program Files/MiKTe
X 2.9/fonts/type1/public/amsfonts/cm/cmr17.pfb><C:/Program Files/MiKTeX 2.9/fon
ts/type1/public/amsfonts/cm/cmr8.pfb><C:/Program Files/MiKTeX 2.9/fonts/type1/p
ublic/amsfonts/cm/cmsy10.pfb><C:/Program Files/MiKTeX 2.9/fonts/type1/public/am
sfonts/symbols/msbm10.pfb>
Output written on Anomaly_Detection_report.pdf (19 pages, 1131039 bytes).
PDF statistics:
 107 PDF objects out of 1000 (max. 8388607)
 0 named destinations out of 1000 (max. 500000)
 71 words of extra memory for PDF output out of 10000 (max. 10000000)

